Sat Sep 09 2017 09:33:49 GMT+0530 (India Standard Time) : GET /aboutSat Sep 09 2017 09:33:50 GMT+0530 (India Standard Time) : GET /aboutSat Sep 09 2017 09:33:50 GMT+0530 (India Standard Time) : GET /aboutSat Sep 09 2017 09:33:50 GMT+0530 (India Standard Time) : GET /aboutSat Sep 09 2017 09:33:51 GMT+0530 (India Standard Time) : GET /aboutSat Sep 09 2017 09:33:51 GMT+0530 (India Standard Time) : GET /aboutSat Sep 09 2017 09:33:51 GMT+0530 (India Standard Time) : GET /aboutSat Sep 09 2017 09:34:08 GMT+0530 (India Standard Time) : GET /about
Sat Sep 09 2017 09:34:08 GMT+0530 (India Standard Time) : GET /about
Sat Sep 09 2017 09:34:09 GMT+0530 (India Standard Time) : GET /about
Sat Sep 09 2017 09:34:09 GMT+0530 (India Standard Time) : GET /about
Sat Sep 09 2017 09:34:09 GMT+0530 (India Standard Time) : GET /about
Sat Sep 09 2017 09:34:09 GMT+0530 (India Standard Time) : GET /about
Sat Sep 09 2017 09:34:09 GMT+0530 (India Standard Time) : GET /about
Sat Sep 09 2017 09:34:09 GMT+0530 (India Standard Time) : GET /about
Sat Sep 09 2017 09:35:41 GMT+0530 (India Standard Time) : GET /about
Sat Sep 09 2017 09:35:41 GMT+0530 (India Standard Time) : GET /about
Sat Sep 09 2017 09:35:41 GMT+0530 (India Standard Time) : GET /about
Sat Sep 09 2017 09:35:41 GMT+0530 (India Standard Time) : GET /about
Sat Sep 09 2017 09:35:42 GMT+0530 (India Standard Time) : GET /about
Sat Sep 09 2017 09:35:42 GMT+0530 (India Standard Time) : GET /about
Sat Sep 09 2017 09:35:42 GMT+0530 (India Standard Time) : GET /about
Sat Sep 09 2017 09:35:42 GMT+0530 (India Standard Time) : GET /about
Sat Sep 09 2017 09:39:04 GMT+0530 (India Standard Time) : GET /about
Tue Sep 19 2017 22:40:46 GMT+0530 (India Standard Time) : GET /
Tue Sep 19 2017 22:40:47 GMT+0530 (India Standard Time) : GET /favicon.ico
Tue Sep 19 2017 22:40:52 GMT+0530 (India Standard Time) : GET /about
Tue Sep 19 2017 22:40:54 GMT+0530 (India Standard Time) : GET /portfolio
Wed Sep 20 2017 23:30:55 GMT+0530 (India Standard Time) : GET /
Wed Sep 20 2017 23:30:55 GMT+0530 (India Standard Time) : GET /favicon.ico
Wed Sep 20 2017 23:31:52 GMT+0530 (India Standard Time) : GET /
